<?xml version="1.0" encoding="UTF-8"?>
<!-- Generated by org.testng.reporters.JUnitXMLReporter -->
<testsuite ignored="6" hostname="LAPTOP-4STL6S85" failures="0" tests="2" name="Register" time="0.264" errors="0" timestamp="2020-08-08T16:52:54 EET">
  <testcase classname="cairo360.cairo360.Register" name="TestNumberEquality" time="0.041"/>
  <testcase classname="cairo360.cairo360.Register" name="TestNumberInEquality" time="0.007"/>
  <testcase classname="cairo360.cairo360.Register" name="Billingdetails" time="0.0">
    <ignored/>
  </testcase> <!-- Billingdetails -->
  <testcase classname="cairo360.cairo360.Register" name="ConfirmOrder" time="0.0">
    <ignored/>
  </testcase> <!-- ConfirmOrder -->
  <testcase classname="cairo360.cairo360.Register" name="DeliveryDetails" time="0.0">
    <ignored/>
  </testcase> <!-- DeliveryDetails -->
  <testcase classname="cairo360.cairo360.Register" name="DeliveryMethod" time="0.0">
    <ignored/>
  </testcase> <!-- DeliveryMethod -->
  <testcase classname="cairo360.cairo360.Register" name="Addtocart" time="0.0">
    <ignored/>
  </testcase> <!-- Addtocart -->
  <testcase classname="cairo360.cairo360.Register" name="PaymentMethod" time="0.0">
    <ignored/>
  </testcase> <!-- PaymentMethod -->
</testsuite> <!-- Register -->
