<?xml version="1.0" encoding="UTF-8"?>
<testng-results ignored="0" total="1" passed="1" failed="0" skipped="0">
  <reporter-output>
  </reporter-output>
  <suite started-at="2020-08-08T21:59:02 EET" name="Default suite" finished-at="2020-08-08T21:59:33 EET" duration-ms="30581">
    <groups>
    </groups>
    <test started-at="2020-08-08T21:59:02 EET" name="Default test" finished-at="2020-08-08T21:59:33 EET" duration-ms="30581">
      <class name="cairo360.cairo360.Register">
        <test-method is-config="true" signature="openbrowser()[pri:0, instance:cairo360.cairo360.Register@175b9425]" started-at="2020-08-08T21:59:02 EET" name="openbrowser" finished-at="2020-08-08T21:59:11 EET" duration-ms="8883" status="PASS">
          <reporter-output>
          </reporter-output>
        </test-method> <!-- openbrowser -->
        <test-method signature="RegisterClient()[pri:0, instance:cairo360.cairo360.Register@175b9425]" started-at="2020-08-08T21:59:11 EET" name="RegisterClient" finished-at="2020-08-08T21:59:33 EET" duration-ms="21616" status="PASS">
          <reporter-output>
          </reporter-output>
        </test-method> <!-- RegisterClient -->
        <test-method is-config="true" signature="afterTest()[pri:0, instance:cairo360.cairo360.Register@175b9425]" started-at="2020-08-08T21:59:33 EET" name="afterTest" finished-at="2020-08-08T21:59:33 EET" duration-ms="0" status="PASS">
          <reporter-output>
          </reporter-output>
        </test-method> <!-- afterTest -->
      </class> <!-- cairo360.cairo360.Register -->
    </test> <!-- Default test -->
  </suite> <!-- Default suite -->
</testng-results>
